<?xml version="1.0" encoding="UTF-8"?>
<!-- Generated by org.testng.reporters.JUnitXMLReporter -->
<testsuite ignored="0" hostname="LAPTOP-F5J1JPC3" failures="0" tests="3" name="Test" time="37.746" errors="0" timestamp="2025-07-06T21:23:27 IST">
  <testcase classname="testCases.TC002_CategoryDD" name="test_AddCategory" time="8.959"/>
  <testcase classname="testCases.TC002_CategoryDD" name="test_AddCategory" time="8.878"/>
  <testcase classname="testCases.TC002_CategoryDD" name="test_AddCategory" time="8.917"/>
</testsuite> <!-- Test -->
