<?xml version="1.0" encoding="UTF-8"?>
<testng-results ignored="0" total="2" passed="2" failed="0" skipped="0">
  <reporter-output>
  </reporter-output>
  <suite started-at="2025-07-06T15:09:30 IST" name="Suite" finished-at="2025-07-06T15:09:49 IST" duration-ms="19010">
    <groups>
    </groups>
    <test started-at="2025-07-06T15:09:30 IST" name="LoginDD" finished-at="2025-07-06T15:09:49 IST" duration-ms="19010">
      <class name="testCases.TC001_Category">
        <test-method is-config="true" signature="setUP()[pri:0, instance:testCases.TC001_Category@7586beff]" started-at="2025-07-06T15:09:30 IST" name="setUP" finished-at="2025-07-06T15:09:36 IST" duration-ms="5673" status="PASS">
          <reporter-output>
          </reporter-output>
        </test-method> <!-- setUP -->
        <test-method signature="test_AddCategory()[pri:0, instance:testCases.TC001_Category@7586beff]" started-at="2025-07-06T15:09:36 IST" name="test_AddCategory" finished-at="2025-07-06T15:09:45 IST" duration-ms="8788" status="PASS">
          <reporter-output>
          </reporter-output>
        </test-method> <!-- test_AddCategory -->
        <test-method signature="test_DeleteCategory()[pri:0, instance:testCases.TC001_Category@7586beff]" started-at="2025-07-06T15:09:45 IST" name="test_DeleteCategory" finished-at="2025-07-06T15:09:45 IST" depends-on-methods="testCases.TC001_Category.test_AddCategory" duration-ms="336" status="PASS">
          <reporter-output>
          </reporter-output>
        </test-method> <!-- test_DeleteCategory -->
        <test-method is-config="true" signature="tearDown()[pri:0, instance:testCases.TC001_Category@7586beff]" started-at="2025-07-06T15:09:45 IST" name="tearDown" finished-at="2025-07-06T15:09:49 IST" duration-ms="4152" status="PASS">
          <reporter-output>
          </reporter-output>
        </test-method> <!-- tearDown -->
      </class> <!-- testCases.TC001_Category -->
    </test> <!-- LoginDD -->
  </suite> <!-- Suite -->
</testng-results>
