<?xml version="1.0" encoding="UTF-8"?>
<testng-results ignored="0" total="3" passed="3" failed="0" skipped="0">
  <reporter-output>
  </reporter-output>
  <suite started-at="2025-07-06T21:22:49 IST" name="Suite" finished-at="2025-07-06T21:23:27 IST" duration-ms="37746">
    <groups>
    </groups>
    <test started-at="2025-07-06T21:22:49 IST" name="Test" finished-at="2025-07-06T21:23:27 IST" duration-ms="37746">
      <class name="testCases.TC002_CategoryDD">
        <test-method is-config="true" signature="setUP()[pri:0, instance:testCases.TC002_CategoryDD@5b12b668]" started-at="2025-07-06T21:22:49 IST" name="setUP" finished-at="2025-07-06T21:22:56 IST" duration-ms="6751" status="PASS">
          <reporter-output>
          </reporter-output>
        </test-method> <!-- setUP -->
        <test-method signature="test_AddCategory(java.lang.String,java.lang.String,java.lang.String)[pri:0, instance:testCases.TC002_CategoryDD@5b12b668]" started-at="2025-07-06T21:22:56 IST" name="test_AddCategory" data-provider="Category" finished-at="2025-07-06T21:23:05 IST" duration-ms="8959" status="PASS">
          <params>
            <param index="0">
              <value>
                <![CDATA[SugerCane]]>
              </value>
            </param>
            <param index="1">
              <value>
                <![CDATA[Sugar for Tea]]>
              </value>
            </param>
            <param index="2">
              <value>
                <![CDATA[kg]]>
              </value>
            </param>
          </params>
          <reporter-output>
          </reporter-output>
        </test-method> <!-- test_AddCategory -->
        <test-method signature="test_AddCategory(java.lang.String,java.lang.String,java.lang.String)[pri:0, instance:testCases.TC002_CategoryDD@5b12b668]" started-at="2025-07-06T21:23:05 IST" name="test_AddCategory" data-provider="Category" finished-at="2025-07-06T21:23:14 IST" duration-ms="8878" status="PASS">
          <params>
            <param index="0">
              <value>
                <![CDATA[Cloth]]>
              </value>
            </param>
            <param index="1">
              <value>
                <![CDATA[Cloth for wearing]]>
              </value>
            </param>
            <param index="2">
              <value>
                <![CDATA[mm]]>
              </value>
            </param>
          </params>
          <reporter-output>
          </reporter-output>
        </test-method> <!-- test_AddCategory -->
        <test-method signature="test_AddCategory(java.lang.String,java.lang.String,java.lang.String)[pri:0, instance:testCases.TC002_CategoryDD@5b12b668]" started-at="2025-07-06T21:23:14 IST" name="test_AddCategory" data-provider="Category" finished-at="2025-07-06T21:23:22 IST" duration-ms="8917" status="PASS">
          <params>
            <param index="0">
              <value>
                <![CDATA[Toy]]>
              </value>
            </param>
            <param index="1">
              <value>
                <![CDATA[Toy for Child]]>
              </value>
            </param>
            <param index="2">
              <value>
                <![CDATA[feet]]>
              </value>
            </param>
          </params>
          <reporter-output>
          </reporter-output>
        </test-method> <!-- test_AddCategory -->
        <test-method is-config="true" signature="tearDown()[pri:0, instance:testCases.TC002_CategoryDD@5b12b668]" started-at="2025-07-06T21:23:22 IST" name="tearDown" finished-at="2025-07-06T21:23:27 IST" duration-ms="4174" status="PASS">
          <reporter-output>
          </reporter-output>
        </test-method> <!-- tearDown -->
      </class> <!-- testCases.TC002_CategoryDD -->
    </test> <!-- Test -->
  </suite> <!-- Suite -->
</testng-results>
